# JRE version: Java(TM) SE Runtime Environment (8.0_45-b15) (build 1.8.0_45-b15)
# Java VM: Java HotSpot(TM) 64-Bit Server VM (25.45-b02 mixed mode windows-amd64 compressed oops)
Heap:
 PSYoungGen      total 76288K, used 56583K [0x000000076b180000, 0x0000000770680000, 0x00000007c0000000)
  eden space 65536K, 78% used [0x000000076b180000,0x000000076e3f3f18,0x000000076f180000)
  from space 10752K, 45% used [0x000000076fc00000,0x00000007700ce070,0x0000000770680000)
  to   space 10752K, 0% used [0x000000076f180000,0x000000076f180000,0x000000076fc00000)
 ParOldGen       total 175104K, used 88K [0x00000006c1400000, 0x00000006cbf00000, 0x000000076b180000)
  object space 175104K, 0% used [0x00000006c1400000,0x00000006c1416010,0x00000006cbf00000)
 Metaspace       used 11309K, capacity 11504K, committed 11648K, reserved 1058816K
  class space    used 1318K, capacity 1363K, committed 1408K, reserved 1048576K
GC Heap History (4 events):
Event: 5.378 GC heap before
{Heap before GC invocations=1 (full 0):
 PSYoungGen      total 76288K, used 65536K [0x000000076b180000, 0x0000000770680000, 0x00000007c0000000)
  eden space 65536K, 100% used [0x000000076b180000,0x000000076f180000,0x000000076f180000)
  from space 10752K, 0% used [0x000000076fc00000,0x000000076fc00000,0x0000000770680000)
  to   space 10752K, 0% used [0x000000076f180000,0x000000076f180000,0x000000076fc00000)
 ParOldGen       total 175104K, used 0K [0x00000006c1400000, 0x00000006cbf00000, 0x000000076b180000)
  object space 175104K, 0% used [0x00000006c1400000,0x00000006c1400000,0x00000006cbf00000)
 Metaspace       used 11029K, capacity 11152K, committed 11392K, reserved 1058816K
  class space    used 1296K, capacity 1331K, committed 1408K, reserved 1048576K
Event: 5.386 GC heap after
Heap after GC invocations=1 (full 0):
 PSYoungGen      total 76288K, used 6148K [0x000000076b180000, 0x0000000770680000, 0x00000007c0000000)
  eden space 65536K, 0% used [0x000000076b180000,0x000000076b180000,0x000000076f180000)
  from space 10752K, 57% used [0x000000076f180000,0x000000076f781340,0x000000076fc00000)
  to   space 10752K, 0% used [0x000000076fc00000,0x000000076fc00000,0x0000000770680000)
 ParOldGen       total 175104K, used 80K [0x00000006c1400000, 0x00000006cbf00000, 0x000000076b180000)
  object space 175104K, 0% used [0x00000006c1400000,0x00000006c1414010,0x00000006cbf00000)
 Metaspace       used 11029K, capacity 11152K, committed 11392K, reserved 1058816K
  class space    used 1296K, capacity 1331K, committed 1408K, reserved 1048576K
}
Event: 43.195 GC heap before
{Heap before GC invocations=2 (full 0):
 PSYoungGen      total 76288K, used 71684K [0x000000076b180000, 0x0000000770680000, 0x00000007c0000000)
  eden space 65536K, 100% used [0x000000076b180000,0x000000076f180000,0x000000076f180000)
  from space 10752K, 57% used [0x000000076f180000,0x000000076f781340,0x000000076fc00000)
  to   space 10752K, 0% used [0x000000076fc00000,0x000000076fc00000,0x0000000770680000)
 ParOldGen       total 175104K, used 80K [0x00000006c1400000, 0x00000006cbf00000, 0x000000076b180000)
  object space 175104K, 0% used [0x00000006c1400000,0x00000006c1414010,0x00000006cbf00000)
 Metaspace       used 11045K, capacity 11216K, committed 11392K, reserved 1058816K
  class space    used 1297K, capacity 1331K, committed 1408K, reserved 1048576K
Event: 43.201 GC heap after
Heap after GC invocations=2 (full 0):
 PSYoungGen      total 76288K, used 4920K [0x000000076b180000, 0x0000000770680000, 0x00000007c0000000)
  eden space 65536K, 0% used [0x000000076b180000,0x000000076b180000,0x000000076f180000)
  from space 10752K, 45% used [0x000000076fc00000,0x00000007700ce070,0x0000000770680000)
  to   space 10752K, 0% used [0x000000076f180000,0x000000076f180000,0x000000076fc00000)
 ParOldGen       total 175104K, used 88K [0x00000006c1400000, 0x00000006cbf00000, 0x000000076b180000)
  object space 175104K, 0% used [0x00000006c1400000,0x00000006c1416010,0x00000006cbf00000)
 Metaspace       used 11045K, capacity 11216K, committed 11392K, reserved 1058816K
  class space    used 1297K, capacity 1331K, committed 1408K, reserved 1048576K
}

